{"/Users/tsironis/Code/lockr/src/flush.ts": {"path":"/Users/tsironis/Code/lockr/src/flush.ts","statementMap":{"0":{"start":{"line":1,"column":0},"end":{"line":1,"column":26}},"1":{"start":{"line":2,"column":0},"end":{"line":2,"column":50}},"2":{"start":{"line":5,"column":1},"end":{"line":11,"column":null}},"3":{"start":{"line":6,"column":2},"end":{"line":8,"column":5}},"4":{"start":{"line":7,"column":3},"end":{"line":7,"column":48}},"5":{"start":{"line":10,"column":2},"end":{"line":10,"column":23}},"6":{"start":{"line":4,"column":0},"end":{"line":4,"column":24}}},"fnMap":{"0":{"name":"flush","decl":{"start":{"line":4,"column":24},"end":{"line":4,"column":29}},"loc":{"start":{"line":4,"column":29},"end":{"line":12,"column":1}}},"1":{"name":"(anonymous_1)","decl":{"start":{"line":6,"column":17},"end":{"line":6,"column":18}},"loc":{"start":{"line":6,"column":21},"end":{"line":8,"column":3}}}},"branchMap":{"0":{"loc":{"start":{"line":5,"column":1},"end":{"line":11,"column":null}},"type":"if","locations":[{"start":{"line":5,"column":1},"end":{"line":11,"column":null}},{"start":{"line":5,"column":1},"end":{"line":11,"column":null}}]}},"s":{"0":4,"1":4,"2":15,"3":0,"4":0,"5":15,"6":4},"f":{"0":15,"1":0},"b":{"0":[0,15]}}
,"/Users/tsironis/Code/lockr/src/get.ts": {"path":"/Users/tsironis/Code/lockr/src/get.ts","statementMap":{"0":{"start":{"line":1,"column":0},"end":{"line":1,"column":42}},"1":{"start":{"line":4,"column":18},"end":{"line":4,"column":46}},"2":{"start":{"line":7,"column":20},"end":{"line":7,"column":50}},"3":{"start":{"line":8,"column":1},"end":{"line":18,"column":null}},"4":{"start":{"line":9,"column":2},"end":{"line":11,"column":null}},"5":{"start":{"line":10,"column":3},"end":{"line":10,"column":34}},"6":{"start":{"line":13,"column":2},"end":{"line":17,"column":null}},"7":{"start":{"line":14,"column":3},"end":{"line":14,"column":52}},"8":{"start":{"line":16,"column":3},"end":{"line":16,"column":16}},"9":{"start":{"line":20,"column":1},"end":{"line":25,"column":null}},"10":{"start":{"line":21,"column":2},"end":{"line":21,"column":17}},"11":{"start":{"line":23,"column":6},"end":{"line":25,"column":null}},"12":{"start":{"line":24,"column":2},"end":{"line":24,"column":20}},"13":{"start":{"line":3,"column":0},"end":{"line":3,"column":24}}},"fnMap":{"0":{"name":"get","decl":{"start":{"line":3,"column":24},"end":{"line":3,"column":27}},"loc":{"start":{"line":3,"column":73},"end":{"line":26,"column":1}}}},"branchMap":{"0":{"loc":{"start":{"line":9,"column":2},"end":{"line":11,"column":null}},"type":"if","locations":[{"start":{"line":9,"column":2},"end":{"line":11,"column":null}},{"start":{"line":9,"column":2},"end":{"line":11,"column":null}}]},"1":{"loc":{"start":{"line":13,"column":2},"end":{"line":17,"column":null}},"type":"if","locations":[{"start":{"line":13,"column":2},"end":{"line":17,"column":null}},{"start":{"line":13,"column":2},"end":{"line":17,"column":null}}]},"2":{"loc":{"start":{"line":20,"column":1},"end":{"line":25,"column":null}},"type":"if","locations":[{"start":{"line":20,"column":1},"end":{"line":25,"column":null}},{"start":{"line":20,"column":1},"end":{"line":25,"column":null}}]},"3":{"loc":{"start":{"line":23,"column":6},"end":{"line":25,"column":null}},"type":"if","locations":[{"start":{"line":23,"column":6},"end":{"line":25,"column":null}},{"start":{"line":23,"column":6},"end":{"line":25,"column":null}}]},"4":{"loc":{"start":{"line":23,"column":10},"end":{"line":23,"column":35}},"type":"binary-expr","locations":[{"start":{"line":23,"column":10},"end":{"line":23,"column":35}},{"start":{"line":23,"column":39},"end":{"line":23,"column":72}}]}},"s":{"0":4,"1":31,"2":31,"3":31,"4":31,"5":29,"6":5,"7":5,"8":0,"9":31,"10":3,"11":28,"12":28,"13":4},"f":{"0":31},"b":{"0":[29,2],"1":[5,0],"2":[3,28],"3":[28,0],"4":[28,28]}}
,"/Users/tsironis/Code/lockr/src/getAll.ts": {"path":"/Users/tsironis/Code/lockr/src/getAll.ts","statementMap":{"0":{"start":{"line":1,"column":0},"end":{"line":1,"column":24}},"1":{"start":{"line":2,"column":0},"end":{"line":2,"column":44}},"2":{"start":{"line":5,"column":14},"end":{"line":5,"column":23}},"3":{"start":{"line":7,"column":1},"end":{"line":14,"column":null}},"4":{"start":{"line":8,"column":2},"end":{"line":13,"column":9}},"5":{"start":{"line":9,"column":26},"end":{"line":9,"column":28}},"6":{"start":{"line":10,"column":3},"end":{"line":10,"column":27}},"7":{"start":{"line":11,"column":3},"end":{"line":11,"column":23}},"8":{"start":{"line":12,"column":3},"end":{"line":12,"column":16}},"9":{"start":{"line":16,"column":1},"end":{"line":18,"column":4}},"10":{"start":{"line":17,"column":2},"end":{"line":17,"column":18}},"11":{"start":{"line":4,"column":0},"end":{"line":4,"column":24}}},"fnMap":{"0":{"name":"getAll","decl":{"start":{"line":4,"column":24},"end":{"line":4,"column":30}},"loc":{"start":{"line":4,"column":52},"end":{"line":19,"column":1}}},"1":{"name":"(anonymous_1)","decl":{"start":{"line":8,"column":21},"end":{"line":8,"column":31}},"loc":{"start":{"line":8,"column":41},"end":{"line":13,"column":3}}},"2":{"name":"(anonymous_2)","decl":{"start":{"line":16,"column":17},"end":{"line":16,"column":27}},"loc":{"start":{"line":16,"column":30},"end":{"line":18,"column":2}}}},"branchMap":{"0":{"loc":{"start":{"line":7,"column":1},"end":{"line":14,"column":null}},"type":"if","locations":[{"start":{"line":7,"column":1},"end":{"line":14,"column":null}},{"start":{"line":7,"column":1},"end":{"line":14,"column":null}}]}},"s":{"0":4,"1":4,"2":6,"3":6,"4":1,"5":6,"6":6,"7":6,"8":6,"9":5,"10":17,"11":4},"f":{"0":6,"1":6,"2":17},"b":{"0":[1,5]}}
,"/Users/tsironis/Code/lockr/src/global.d.ts": {"path":"/Users/tsironis/Code/lockr/src/global.d.ts","statementMap":{},"fnMap":{},"branchMap":{},"s":{},"f":{},"b":{},"inputSourceMap":null}
,"/Users/tsironis/Code/lockr/src/index.ts": {"path":"/Users/tsironis/Code/lockr/src/index.ts","statementMap":{"0":{"start":{"line":1,"column":0},"end":{"line":1,"column":9}},"1":{"start":{"line":1,"column":9},"end":{"line":1,"column":23}},"2":{"start":{"line":2,"column":0},"end":{"line":2,"column":9}},"3":{"start":{"line":2,"column":9},"end":{"line":2,"column":24}},"4":{"start":{"line":3,"column":0},"end":{"line":3,"column":9}},"5":{"start":{"line":3,"column":9},"end":{"line":3,"column":28}},"6":{"start":{"line":4,"column":0},"end":{"line":4,"column":9}},"7":{"start":{"line":4,"column":9},"end":{"line":4,"column":22}},"8":{"start":{"line":5,"column":0},"end":{"line":5,"column":9}},"9":{"start":{"line":5,"column":9},"end":{"line":5,"column":23}},"10":{"start":{"line":6,"column":0},"end":{"line":6,"column":9}},"11":{"start":{"line":6,"column":9},"end":{"line":6,"column":26}},"12":{"start":{"line":7,"column":0},"end":{"line":7,"column":9}},"13":{"start":{"line":7,"column":9},"end":{"line":7,"column":25}},"14":{"start":{"line":8,"column":0},"end":{"line":8,"column":9}},"15":{"start":{"line":8,"column":9},"end":{"line":8,"column":24}},"16":{"start":{"line":9,"column":0},"end":{"line":9,"column":9}},"17":{"start":{"line":9,"column":9},"end":{"line":9,"column":29}},"18":{"start":{"line":10,"column":0},"end":{"line":10,"column":9}},"19":{"start":{"line":10,"column":9},"end":{"line":10,"column":24}},"20":{"start":{"line":11,"column":0},"end":{"line":11,"column":25}}},"fnMap":{"0":{"name":"(anonymous_0)","decl":{"start":{"line":1,"column":9},"end":{"line":1,"column":16}},"loc":{"start":{"line":1,"column":9},"end":{"line":1,"column":23}}},"1":{"name":"(anonymous_1)","decl":{"start":{"line":2,"column":9},"end":{"line":2,"column":16}},"loc":{"start":{"line":2,"column":9},"end":{"line":2,"column":24}}},"2":{"name":"(anonymous_2)","decl":{"start":{"line":3,"column":9},"end":{"line":3,"column":16}},"loc":{"start":{"line":3,"column":9},"end":{"line":3,"column":28}}},"3":{"name":"(anonymous_3)","decl":{"start":{"line":4,"column":9},"end":{"line":4,"column":16}},"loc":{"start":{"line":4,"column":9},"end":{"line":4,"column":22}}},"4":{"name":"(anonymous_4)","decl":{"start":{"line":5,"column":9},"end":{"line":5,"column":16}},"loc":{"start":{"line":5,"column":9},"end":{"line":5,"column":23}}},"5":{"name":"(anonymous_5)","decl":{"start":{"line":6,"column":9},"end":{"line":6,"column":16}},"loc":{"start":{"line":6,"column":9},"end":{"line":6,"column":26}}},"6":{"name":"(anonymous_6)","decl":{"start":{"line":7,"column":9},"end":{"line":7,"column":16}},"loc":{"start":{"line":7,"column":9},"end":{"line":7,"column":25}}},"7":{"name":"(anonymous_7)","decl":{"start":{"line":8,"column":9},"end":{"line":8,"column":16}},"loc":{"start":{"line":8,"column":9},"end":{"line":8,"column":24}}},"8":{"name":"(anonymous_8)","decl":{"start":{"line":9,"column":9},"end":{"line":9,"column":16}},"loc":{"start":{"line":9,"column":9},"end":{"line":9,"column":29}}},"9":{"name":"(anonymous_9)","decl":{"start":{"line":10,"column":9},"end":{"line":10,"column":16}},"loc":{"start":{"line":10,"column":9},"end":{"line":10,"column":24}}}},"branchMap":{},"s":{"0":4,"1":63,"2":4,"3":30,"4":4,"5":4,"6":4,"7":4,"8":4,"9":12,"10":4,"11":10,"12":4,"13":19,"14":4,"15":6,"16":4,"17":4,"18":4,"19":4,"20":4},"f":{"0":59,"1":26,"2":0,"3":0,"4":8,"5":6,"6":15,"7":2,"8":0,"9":0},"b":{}}
,"/Users/tsironis/Code/lockr/src/keys.ts": {"path":"/Users/tsironis/Code/lockr/src/keys.ts","statementMap":{"0":{"start":{"line":1,"column":0},"end":{"line":1,"column":48}},"1":{"start":{"line":3,"column":16},"end":{"line":3,"column":27}},"2":{"start":{"line":4,"column":26},"end":{"line":4,"column":28}},"3":{"start":{"line":5,"column":17},"end":{"line":5,"column":42}},"4":{"start":{"line":7,"column":1},"end":{"line":9,"column":null}},"5":{"start":{"line":8,"column":2},"end":{"line":8,"column":17}},"6":{"start":{"line":11,"column":1},"end":{"line":15,"column":4}},"7":{"start":{"line":12,"column":2},"end":{"line":14,"column":null}},"8":{"start":{"line":13,"column":3},"end":{"line":13,"column":38}},"9":{"start":{"line":17,"column":1},"end":{"line":17,"column":13}},"10":{"start":{"line":2,"column":0},"end":{"line":2,"column":24}}},"fnMap":{"0":{"name":"keys","decl":{"start":{"line":2,"column":24},"end":{"line":2,"column":28}},"loc":{"start":{"line":2,"column":28},"end":{"line":18,"column":1}}},"1":{"name":"(anonymous_1)","decl":{"start":{"line":11,"column":17},"end":{"line":11,"column":27}},"loc":{"start":{"line":11,"column":30},"end":{"line":15,"column":2}}}},"branchMap":{"0":{"loc":{"start":{"line":7,"column":1},"end":{"line":9,"column":null}},"type":"if","locations":[{"start":{"line":7,"column":1},"end":{"line":9,"column":null}},{"start":{"line":7,"column":1},"end":{"line":9,"column":null}}]},"1":{"loc":{"start":{"line":12,"column":2},"end":{"line":14,"column":null}},"type":"if","locations":[{"start":{"line":12,"column":2},"end":{"line":14,"column":null}},{"start":{"line":12,"column":2},"end":{"line":14,"column":null}}]}},"s":{"0":4,"1":8,"2":8,"3":8,"4":8,"5":5,"6":3,"7":14,"8":11,"9":3,"10":4},"f":{"0":8,"1":14},"b":{"0":[5,3],"1":[11,3]}}
,"/Users/tsironis/Code/lockr/src/prefix.ts": {"path":"/Users/tsironis/Code/lockr/src/prefix.ts","statementMap":{"0":{"start":{"line":1,"column":13},"end":{"line":1,"column":15}},"1":{"start":{"line":3,"column":1},"end":{"line":3,"column":17}},"2":{"start":{"line":4,"column":1},"end":{"line":4,"column":15}},"3":{"start":{"line":2,"column":0},"end":{"line":2,"column":16}},"4":{"start":{"line":7,"column":1},"end":{"line":11,"column":null}},"5":{"start":{"line":8,"column":2},"end":{"line":8,"column":13}},"6":{"start":{"line":10,"column":2},"end":{"line":10,"column":27}},"7":{"start":{"line":6,"column":0},"end":{"line":6,"column":16}},"8":{"start":{"line":15,"column":1},"end":{"line":15,"column":null}},"9":{"start":{"line":14,"column":0},"end":{"line":14,"column":16}},"10":{"start":{"line":19,"column":1},"end":{"line":19,"column":15}},"11":{"start":{"line":18,"column":0},"end":{"line":18,"column":16}},"12":{"start":{"line":22,"column":0},"end":{"line":22,"column":25}}},"fnMap":{"0":{"name":"setPrefix","decl":{"start":{"line":2,"column":16},"end":{"line":2,"column":25}},"loc":{"start":{"line":2,"column":40},"end":{"line":5,"column":1}}},"1":{"name":"getPrefixedKey","decl":{"start":{"line":6,"column":16},"end":{"line":6,"column":30}},"loc":{"start":{"line":6,"column":61},"end":{"line":12,"column":1}}},"2":{"name":"hasPrefix","decl":{"start":{"line":14,"column":16},"end":{"line":14,"column":25}},"loc":{"start":{"line":14,"column":25},"end":{"line":16,"column":1}}},"3":{"name":"getPrefix","decl":{"start":{"line":18,"column":16},"end":{"line":18,"column":25}},"loc":{"start":{"line":18,"column":25},"end":{"line":20,"column":1}}}},"branchMap":{"0":{"loc":{"start":{"line":7,"column":1},"end":{"line":11,"column":null}},"type":"if","locations":[{"start":{"line":7,"column":1},"end":{"line":11,"column":null}},{"start":{"line":7,"column":1},"end":{"line":11,"column":null}}]},"1":{"loc":{"start":{"line":7,"column":12},"end":{"line":7,"column":14}},"type":"cond-expr","locations":[{"start":{"line":7,"column":12},"end":{"line":7,"column":14}},{"start":{"line":7,"column":5},"end":{"line":7,"column":22}}]},"2":{"loc":{"start":{"line":7,"column":5},"end":{"line":7,"column":14}},"type":"binary-expr","locations":[{"start":{"line":7,"column":5},"end":{"line":7,"column":14}},{"start":{"line":7,"column":5},"end":{"line":7,"column":14}}]}},"s":{"0":5,"1":1,"2":1,"3":5,"4":181,"5":1,"6":180,"7":5,"8":8,"9":5,"10":8,"11":5,"12":5},"f":{"0":1,"1":181,"2":8,"3":8},"b":{"0":[1,180],"1":[179,2],"2":[181,181]}}
,"/Users/tsironis/Code/lockr/src/rm.ts": {"path":"/Users/tsironis/Code/lockr/src/rm.ts","statementMap":{"0":{"start":{"line":1,"column":0},"end":{"line":1,"column":42}},"1":{"start":{"line":4,"column":18},"end":{"line":4,"column":46}},"2":{"start":{"line":6,"column":1},"end":{"line":6,"column":42}},"3":{"start":{"line":3,"column":0},"end":{"line":3,"column":24}}},"fnMap":{"0":{"name":"rm","decl":{"start":{"line":3,"column":24},"end":{"line":3,"column":26}},"loc":{"start":{"line":3,"column":57},"end":{"line":7,"column":1}}}},"branchMap":{},"s":{"0":4,"1":0,"2":0,"3":4},"f":{"0":0},"b":{}}
,"/Users/tsironis/Code/lockr/src/sadd.ts": {"path":"/Users/tsironis/Code/lockr/src/sadd.ts","statementMap":{"0":{"start":{"line":1,"column":0},"end":{"line":1,"column":34}},"1":{"start":{"line":2,"column":0},"end":{"line":2,"column":42}},"2":{"start":{"line":5,"column":18},"end":{"line":5,"column":46}},"3":{"start":{"line":8,"column":14},"end":{"line":8,"column":27}},"4":{"start":{"line":10,"column":1},"end":{"line":12,"column":null}},"5":{"start":{"line":11,"column":2},"end":{"line":11,"column":15}},"6":{"start":{"line":14,"column":1},"end":{"line":21,"column":null}},"7":{"start":{"line":15,"column":2},"end":{"line":15,"column":21}},"8":{"start":{"line":16,"column":2},"end":{"line":16,"column":44}},"9":{"start":{"line":17,"column":2},"end":{"line":17,"column":39}},"10":{"start":{"line":19,"column":2},"end":{"line":19,"column":17}},"11":{"start":{"line":20,"column":2},"end":{"line":20,"column":133}},"12":{"start":{"line":20,"column":15},"end":{"line":20,"column":133}},"13":{"start":{"line":22,"column":1},"end":{"line":22,"column":13}},"14":{"start":{"line":4,"column":0},"end":{"line":4,"column":24}}},"fnMap":{"0":{"name":"sadd","decl":{"start":{"line":4,"column":24},"end":{"line":4,"column":28}},"loc":{"start":{"line":4,"column":71},"end":{"line":23,"column":1}}}},"branchMap":{"0":{"loc":{"start":{"line":10,"column":1},"end":{"line":12,"column":null}},"type":"if","locations":[{"start":{"line":10,"column":1},"end":{"line":12,"column":null}},{"start":{"line":10,"column":1},"end":{"line":12,"column":null}}]},"1":{"loc":{"start":{"line":20,"column":2},"end":{"line":20,"column":133}},"type":"if","locations":[{"start":{"line":20,"column":2},"end":{"line":20,"column":133}},{"start":{"line":20,"column":2},"end":{"line":20,"column":133}}]}},"s":{"0":5,"1":5,"2":41,"3":41,"4":41,"5":11,"6":30,"7":30,"8":30,"9":30,"10":0,"11":0,"12":0,"13":30,"14":5},"f":{"0":41},"b":{"0":[11,30],"1":[0,0]}}
,"/Users/tsironis/Code/lockr/src/set.ts": {"path":"/Users/tsironis/Code/lockr/src/set.ts","statementMap":{"0":{"start":{"line":1,"column":0},"end":{"line":1,"column":42}},"1":{"start":{"line":5,"column":17},"end":{"line":5,"column":45}},"2":{"start":{"line":7,"column":1},"end":{"line":13,"column":null}},"3":{"start":{"line":8,"column":2},"end":{"line":8,"column":69}},"4":{"start":{"line":10,"column":2},"end":{"line":12,"column":null}},"5":{"start":{"line":11,"column":3},"end":{"line":11,"column":119}},"6":{"start":{"line":4,"column":0},"end":{"line":4,"column":24}}},"fnMap":{"0":{"name":"set","decl":{"start":{"line":4,"column":24},"end":{"line":4,"column":27}},"loc":{"start":{"line":4,"column":70},"end":{"line":14,"column":1}}}},"branchMap":{"0":{"loc":{"start":{"line":10,"column":2},"end":{"line":12,"column":null}},"type":"if","locations":[{"start":{"line":10,"column":2},"end":{"line":12,"column":null}},{"start":{"line":10,"column":2},"end":{"line":12,"column":null}}]}},"s":{"0":4,"1":59,"2":59,"3":59,"4":0,"5":0,"6":4},"f":{"0":59},"b":{"0":[0,0]}}
,"/Users/tsironis/Code/lockr/src/sismember.ts": {"path":"/Users/tsironis/Code/lockr/src/sismember.ts","statementMap":{"0":{"start":{"line":1,"column":0},"end":{"line":1,"column":34}},"1":{"start":{"line":4,"column":1},"end":{"line":4,"column":42}},"2":{"start":{"line":3,"column":0},"end":{"line":3,"column":24}}},"fnMap":{"0":{"name":"sismember","decl":{"start":{"line":3,"column":24},"end":{"line":3,"column":33}},"loc":{"start":{"line":3,"column":57},"end":{"line":5,"column":1}}}},"branchMap":{},"s":{"0":5,"1":3,"2":5},"f":{"0":3},"b":{}}
,"/Users/tsironis/Code/lockr/src/smembers.ts": {"path":"/Users/tsironis/Code/lockr/src/smembers.ts","statementMap":{"0":{"start":{"line":1,"column":0},"end":{"line":1,"column":42}},"1":{"start":{"line":3,"column":18},"end":{"line":3,"column":46}},"2":{"start":{"line":6,"column":20},"end":{"line":6,"column":50}},"3":{"start":{"line":7,"column":1},"end":{"line":11,"column":null}},"4":{"start":{"line":8,"column":2},"end":{"line":8,"column":33}},"5":{"start":{"line":10,"column":2},"end":{"line":10,"column":15}},"6":{"start":{"line":13,"column":1},"end":{"line":13,"column":48}},"7":{"start":{"line":2,"column":0},"end":{"line":2,"column":24}}},"fnMap":{"0":{"name":"smembers","decl":{"start":{"line":2,"column":24},"end":{"line":2,"column":32}},"loc":{"start":{"line":2,"column":63},"end":{"line":14,"column":1}}}},"branchMap":{"0":{"loc":{"start":{"line":7,"column":1},"end":{"line":11,"column":null}},"type":"if","locations":[{"start":{"line":7,"column":1},"end":{"line":11,"column":null}},{"start":{"line":7,"column":1},"end":{"line":11,"column":null}}]},"1":{"loc":{"start":{"line":13,"column":32},"end":{"line":13,"column":42}},"type":"cond-expr","locations":[{"start":{"line":13,"column":32},"end":{"line":13,"column":42}},{"start":{"line":13,"column":45},"end":{"line":13,"column":47}}]},"2":{"loc":{"start":{"line":13,"column":9},"end":{"line":13,"column":14}},"type":"binary-expr","locations":[{"start":{"line":13,"column":9},"end":{"line":13,"column":14}},{"start":{"line":13,"column":18},"end":{"line":13,"column":28}}]}},"s":{"0":5,"1":47,"2":47,"3":47,"4":32,"5":15,"6":47,"7":5},"f":{"0":47},"b":{"0":[32,15],"1":[32,15],"2":[47,32]}}
,"/Users/tsironis/Code/lockr/src/srem.ts": {"path":"/Users/tsironis/Code/lockr/src/srem.ts","statementMap":{"0":{"start":{"line":1,"column":0},"end":{"line":1,"column":42}},"1":{"start":{"line":2,"column":0},"end":{"line":2,"column":34}},"2":{"start":{"line":5,"column":18},"end":{"line":5,"column":46}},"3":{"start":{"line":6,"column":16},"end":{"line":6,"column":36}},"4":{"start":{"line":7,"column":15},"end":{"line":7,"column":36}},"5":{"start":{"line":9,"column":1},"end":{"line":11,"column":null}},"6":{"start":{"line":10,"column":2},"end":{"line":10,"column":26}},"7":{"start":{"line":13,"column":14},"end":{"line":13,"column":48}},"8":{"start":{"line":15,"column":1},"end":{"line":19,"column":null}},"9":{"start":{"line":16,"column":2},"end":{"line":16,"column":39}},"10":{"start":{"line":18,"column":2},"end":{"line":18,"column":91}},"11":{"start":{"line":18,"column":15},"end":{"line":18,"column":91}},"12":{"start":{"line":4,"column":0},"end":{"line":4,"column":24}}},"fnMap":{"0":{"name":"srem","decl":{"start":{"line":4,"column":24},"end":{"line":4,"column":28}},"loc":{"start":{"line":4,"column":71},"end":{"line":20,"column":1}}}},"branchMap":{"0":{"loc":{"start":{"line":9,"column":1},"end":{"line":11,"column":null}},"type":"if","locations":[{"start":{"line":9,"column":1},"end":{"line":11,"column":null}},{"start":{"line":9,"column":1},"end":{"line":11,"column":null}}]},"1":{"loc":{"start":{"line":18,"column":2},"end":{"line":18,"column":91}},"type":"if","locations":[{"start":{"line":18,"column":2},"end":{"line":18,"column":91}},{"start":{"line":18,"column":2},"end":{"line":18,"column":91}}]}},"s":{"0":5,"1":5,"2":1,"3":1,"4":1,"5":1,"6":1,"7":1,"8":1,"9":1,"10":0,"11":0,"12":5},"f":{"0":1},"b":{"0":[1,0],"1":[0,0]}}
}
