TN:
SF:src/flush.ts
FN:4,flush
FN:6,(anonymous_1)
FNF:2
FNH:1
FNDA:15,flush
FNDA:0,(anonymous_1)
DA:1,4
DA:2,4
DA:4,4
DA:5,15
DA:6,0
DA:7,0
DA:10,15
LF:7
LH:5
BRDA:5,0,0,0
BRDA:5,0,1,15
BRF:2
BRH:1
end_of_record
TN:
SF:src/get.ts
FN:3,get
FNF:1
FNH:1
FNDA:31,get
DA:1,4
DA:3,4
DA:4,31
DA:7,31
DA:8,31
DA:9,31
DA:10,29
DA:13,5
DA:14,5
DA:16,0
DA:20,31
DA:21,3
DA:23,28
DA:24,28
LF:14
LH:13
BRDA:9,0,0,29
BRDA:9,0,1,2
BRDA:13,1,0,5
BRDA:13,1,1,0
BRDA:20,2,0,3
BRDA:20,2,1,28
BRDA:23,3,0,28
BRDA:23,3,1,0
BRDA:23,4,0,28
BRDA:23,4,1,28
BRF:10
BRH:8
end_of_record
TN:
SF:src/getAll.ts
FN:4,getAll
FN:8,(anonymous_1)
FN:16,(anonymous_2)
FNF:3
FNH:3
FNDA:6,getAll
FNDA:6,(anonymous_1)
FNDA:17,(anonymous_2)
DA:1,4
DA:2,4
DA:4,4
DA:5,6
DA:7,6
DA:8,1
DA:9,6
DA:10,6
DA:11,6
DA:12,6
DA:16,5
DA:17,17
LF:12
LH:12
BRDA:7,0,0,1
BRDA:7,0,1,5
BRF:2
BRH:2
end_of_record
TN:
SF:src/global.d.ts
FNF:0
FNH:0
LF:0
LH:0
BRF:0
BRH:0
end_of_record
TN:
SF:src/index.ts
FN:1,(anonymous_0)
FN:2,(anonymous_1)
FN:3,(anonymous_2)
FN:4,(anonymous_3)
FN:5,(anonymous_4)
FN:6,(anonymous_5)
FN:7,(anonymous_6)
FN:8,(anonymous_7)
FN:9,(anonymous_8)
FN:10,(anonymous_9)
FNF:10
FNH:6
FNDA:59,(anonymous_0)
FNDA:26,(anonymous_1)
FNDA:0,(anonymous_2)
FNDA:0,(anonymous_3)
FNDA:8,(anonymous_4)
FNDA:6,(anonymous_5)
FNDA:15,(anonymous_6)
FNDA:2,(anonymous_7)
FNDA:0,(anonymous_8)
FNDA:0,(anonymous_9)
DA:1,63
DA:2,30
DA:3,4
DA:4,4
DA:5,12
DA:6,10
DA:7,19
DA:8,6
DA:9,4
DA:10,4
DA:11,4
LF:11
LH:11
BRF:0
BRH:0
end_of_record
TN:
SF:src/keys.ts
FN:2,keys
FN:11,(anonymous_1)
FNF:2
FNH:2
FNDA:8,keys
FNDA:14,(anonymous_1)
DA:1,4
DA:2,4
DA:3,8
DA:4,8
DA:5,8
DA:7,8
DA:8,5
DA:11,3
DA:12,14
DA:13,11
DA:17,3
LF:11
LH:11
BRDA:7,0,0,5
BRDA:7,0,1,3
BRDA:12,1,0,11
BRDA:12,1,1,3
BRF:4
BRH:4
end_of_record
TN:
SF:src/prefix.ts
FN:2,setPrefix
FN:6,getPrefixedKey
FN:14,hasPrefix
FN:18,getPrefix
FNF:4
FNH:4
FNDA:1,setPrefix
FNDA:181,getPrefixedKey
FNDA:8,hasPrefix
FNDA:8,getPrefix
DA:1,5
DA:2,5
DA:3,1
DA:4,1
DA:6,5
DA:7,181
DA:8,1
DA:10,180
DA:14,5
DA:15,8
DA:18,5
DA:19,8
DA:22,5
LF:13
LH:13
BRDA:7,0,0,1
BRDA:7,0,1,180
BRDA:7,1,0,179
BRDA:7,1,1,2
BRDA:7,2,0,181
BRDA:7,2,1,181
BRF:6
BRH:6
end_of_record
TN:
SF:src/rm.ts
FN:3,rm
FNF:1
FNH:0
FNDA:0,rm
DA:1,4
DA:3,4
DA:4,0
DA:6,0
LF:4
LH:2
BRF:0
BRH:0
end_of_record
TN:
SF:src/sadd.ts
FN:4,sadd
FNF:1
FNH:1
FNDA:41,sadd
DA:1,5
DA:2,5
DA:4,5
DA:5,41
DA:8,41
DA:10,41
DA:11,11
DA:14,30
DA:15,30
DA:16,30
DA:17,30
DA:19,0
DA:20,0
DA:22,30
LF:14
LH:12
BRDA:10,0,0,11
BRDA:10,0,1,30
BRDA:20,1,0,0
BRDA:20,1,1,0
BRF:4
BRH:2
end_of_record
TN:
SF:src/set.ts
FN:4,set
FNF:1
FNH:1
FNDA:59,set
DA:1,4
DA:4,4
DA:5,59
DA:7,59
DA:8,59
DA:10,0
DA:11,0
LF:7
LH:5
BRDA:10,0,0,0
BRDA:10,0,1,0
BRF:2
BRH:0
end_of_record
TN:
SF:src/sismember.ts
FN:3,sismember
FNF:1
FNH:1
FNDA:3,sismember
DA:1,5
DA:3,5
DA:4,3
LF:3
LH:3
BRF:0
BRH:0
end_of_record
TN:
SF:src/smembers.ts
FN:2,smembers
FNF:1
FNH:1
FNDA:47,smembers
DA:1,5
DA:2,5
DA:3,47
DA:6,47
DA:7,47
DA:8,32
DA:10,15
DA:13,47
LF:8
LH:8
BRDA:7,0,0,32
BRDA:7,0,1,15
BRDA:13,1,0,32
BRDA:13,1,1,15
BRDA:13,2,0,47
BRDA:13,2,1,32
BRF:6
BRH:6
end_of_record
TN:
SF:src/srem.ts
FN:4,srem
FNF:1
FNH:1
FNDA:1,srem
DA:1,5
DA:2,5
DA:4,5
DA:5,1
DA:6,1
DA:7,1
DA:9,1
DA:10,1
DA:13,1
DA:15,1
DA:16,1
DA:18,0
LF:12
LH:11
BRDA:9,0,0,1
BRDA:9,0,1,0
BRDA:18,1,0,0
BRDA:18,1,1,0
BRF:4
BRH:1
end_of_record
